<?xml version="1.0" encoding="UTF-8"?>
<!-- Generated by org.testng.reporters.JUnitXMLReporter -->
<testsuite ignored="0" hostname="DESKTOP-HJGT9OH" failures="0" tests="4" name="Test" time="0.067" errors="0" timestamp="2024-01-14T21:12:51 IST">
  <testcase classname="QAMavenProject.Mavenjava.SeleniumTest" name="deleteMessage" time="0.018"/>
  <testcase classname="QAMavenProject.Mavenjava.SeleniumTest" name="sendMessage" time="0.0"/>
  <testcase classname="QAMavenProject.Mavenjava.RESTAPITest" name="iosApp" time="0.0"/>
  <testcase classname="QAMavenProject.Mavenjava.RESTAPITest" name="nativeApp" time="0.0"/>
</testsuite> <!-- Test -->
