<?xml version="1.0" encoding="UTF-8"?>
<testng-results ignored="0" total="2" passed="2" failed="0" skipped="0">
  <reporter-output>
  </reporter-output>
  <suite started-at="2024-01-14T21:15:13 IST" name="Surefire suite" finished-at="2024-01-14T21:15:13 IST" duration-ms="56">
    <groups>
    </groups>
    <test started-at="2024-01-14T21:15:13 IST" name="Surefire test" finished-at="2024-01-14T21:15:13 IST" duration-ms="56">
      <class name="QAMavenProject.Mavenjava.AppiumTest">
        <test-method signature="browserAutomation()[pri:0, instance:QAMavenProject.Mavenjava.AppiumTest@68c72235]" started-at="2024-01-14T21:15:13 IST" name="browserAutomation" finished-at="2024-01-14T21:15:13 IST" duration-ms="9" status="PASS">
          <reporter-output>
          </reporter-output>
        </test-method> <!-- browserAutomation -->
        <test-method signature="elementUI()[pri:0, instance:QAMavenProject.Mavenjava.AppiumTest@68c72235]" started-at="2024-01-14T21:15:13 IST" name="elementUI" finished-at="2024-01-14T21:15:13 IST" duration-ms="0" status="PASS">
          <reporter-output>
          </reporter-output>
        </test-method> <!-- elementUI -->
      </class> <!-- QAMavenProject.Mavenjava.AppiumTest -->
    </test> <!-- Surefire test -->
  </suite> <!-- Surefire suite -->
</testng-results>
